e:\files from the vampire\来吧，大学\计算机图形学\finalwork\finalwork\debug\vc141.pdb
e:\files from the vampire\来吧，大学\计算机图形学\finalwork\finalwork\debug\vc141.idb
e:\files from the vampire\来吧，大学\计算机图形学\finalwork\finalwork\debug\texture.obj
e:\files from the vampire\来吧，大学\计算机图形学\finalwork\finalwork\debug\sprite_renderer.obj
e:\files from the vampire\来吧，大学\计算机图形学\finalwork\finalwork\debug\resource_manager.obj
e:\files from the vampire\来吧，大学\计算机图形学\finalwork\finalwork\debug\particle_generator.obj
e:\files from the vampire\来吧，大学\计算机图形学\finalwork\finalwork\debug\main.obj
e:\files from the vampire\来吧，大学\计算机图形学\finalwork\finalwork\debug\game_object.obj
e:\files from the vampire\来吧，大学\计算机图形学\finalwork\finalwork\debug\game_level.obj
e:\files from the vampire\来吧，大学\计算机图形学\finalwork\finalwork\debug\ball_object.obj
e:\files from the vampire\来吧，大学\计算机图形学\finalwork\finalwork\debug\glad.obj
e:\files from the vampire\来吧，大学\计算机图形学\finalwork\debug\finalwork.pdb
e:\files from the vampire\来吧，大学\计算机图形学\finalwork\finalwork\debug\finalwork.tlog\cl.command.1.tlog
e:\files from the vampire\来吧，大学\计算机图形学\finalwork\finalwork\debug\finalwork.tlog\cl.read.1.tlog
e:\files from the vampire\来吧，大学\计算机图形学\finalwork\finalwork\debug\finalwork.tlog\cl.write.1.tlog
e:\files from the vampire\来吧，大学\计算机图形学\finalwork\finalwork\debug\finalwork.tlog\link.176784-cvtres.read.1.tlog
e:\files from the vampire\来吧，大学\计算机图形学\finalwork\finalwork\debug\finalwork.tlog\link.176784-cvtres.write.1.tlog
e:\files from the vampire\来吧，大学\计算机图形学\finalwork\finalwork\debug\finalwork.tlog\link.176784-rc.read.1.tlog
e:\files from the vampire\来吧，大学\计算机图形学\finalwork\finalwork\debug\finalwork.tlog\link.176784-rc.write.1.tlog
e:\files from the vampire\来吧，大学\计算机图形学\finalwork\finalwork\debug\finalwork.tlog\link.176784.read.1.tlog
e:\files from the vampire\来吧，大学\计算机图形学\finalwork\finalwork\debug\finalwork.tlog\link.176784.write.1.tlog
e:\files from the vampire\来吧，大学\计算机图形学\finalwork\finalwork\debug\finalwork.tlog\link.command.1.tlog
e:\files from the vampire\来吧，大学\计算机图形学\finalwork\finalwork\debug\finalwork.tlog\link.read.1.tlog
e:\files from the vampire\来吧，大学\计算机图形学\finalwork\finalwork\debug\finalwork.tlog\link.write.1.tlog
